
@----------------------------------------------------------@
|        PLINK!       |     v1.07      |   10/Aug/2009     |
|----------------------------------------------------------|
|  (C) 2009 Shaun Purcell, GNU General Public License, v2  |
|----------------------------------------------------------|
|  For documentation, citation & bug-report instructions:  |
|        http://pngu.mgh.harvard.edu/purcell/plink/        |
@----------------------------------------------------------@

Web-based version check ( --noweb to skip )
Recent cached web-check found... OK, v1.07 is current

Writing this text to log file [ subset.log ]
Analysis started: Mon Nov 11 00:45:41 2013

Options in effect:
	--bfile hapmap3
	--keep tokeep
	--out subset
	--make-bed

Reading map (extended format) from [ hapmap3.bim ] 
116565 markers to be included from [ hapmap3.bim ]
Reading pedigree information from [ hapmap3.fam ] 
1184 individuals read from [ hapmap3.fam ] 
0 individuals with nonmissing phenotypes
Assuming a disease phenotype (1=unaff, 2=aff, 0=miss)
Missing phenotype value is also -9
0 cases, 0 controls and 1184 missing
589 males, 595 females, and 0 of unspecified sex
Reading genotype bitfile from [ hapmap3.bed ] 
Detected that binary PED file is v1.00 SNP-major mode
Reading individuals to keep [ tokeep ] ... 675 read
509 individuals removed with --keep option
Before frequency and genotyping pruning, there are 116565 SNPs
540 founders and 135 non-founders found
Total genotyping rate in remaining individuals is 0.997913
0 SNPs failed missingness test ( GENO > 1 )
0 SNPs failed frequency test ( MAF < 0 )
After frequency and genotyping pruning, there are 116565 SNPs
After filtering, 0 cases, 0 controls and 675 missing
After filtering, 343 males, 332 females, and 0 of unspecified sex
Writing pedigree information to [ subset.fam ] 
Writing map (extended format) information to [ subset.bim ] 
Writing genotype bitfile to [ subset.bed ] 
Using (default) SNP-major mode

Analysis finished: Mon Nov 11 00:45:55 2013

